<?xml version="1.0" encoding="UTF-8"?>
<!-- Generated by org.testng.reporters.JUnitXMLReporter -->
<testsuite hostname="SATHYA_DINESH" ignored="0" name="Default test" tests="3" failures="0" timestamp="26 Nov 2021 13:20:53 GMT" time="23.643" errors="0">
  <testcase name="testcase2" time="8.941" classname="org.datprov.DataProvidr"/>
  <testcase name="testcase2" time="6.409" classname="org.datprov.DataProvidr"/>
  <testcase name="testcase2" time="8.242" classname="org.datprov.DataProvidr"/>
</testsuite> <!-- Default test -->
