<?xml version="1.0" encoding="UTF-8"?>
<!-- Generated by org.testng.reporters.JUnitXMLReporter -->
<testsuite hostname="SATHYA_DINESH" ignored="0" name="Test" tests="3" failures="0" timestamp="26 Nov 2021 11:54:19 GMT" time="9.916" errors="0">
  <testcase name="testcase1" time="7.385" classname="org.datprov.Parametr"/>
  <testcase name="testcase2" time="2.092" classname="org.datprov.Parametr"/>
  <testcase name="testcase3" time="0.364" classname="org.datprov.Parametr"/>
</testsuite> <!-- Test -->
